<?xml version="1.0" encoding="UTF-8"?>
<testsuites name="jest tests" tests="1" failures="0" errors="0" time="0.882">
  <testsuite name="undefined" errors="0" failures="0" skipped="0" timestamp="2023-11-02T19:29:35" time="0.843" tests="1">
    <testcase classname=" Binary search implementation" name=" Binary search implementation" time="0.003">
    </testcase>
  </testsuite>
</testsuites>