<?xml version="1.0" encoding="UTF-8"?>
<testsuites name="jest tests" tests="1" failures="0" errors="0" time="13.745">
  <testsuite name="undefined" errors="0" failures="0" skipped="0" timestamp="2023-11-03T20:10:36" time="13.706" tests="1">
    <testcase classname=" Binary search implementation" name=" Binary search implementation" time="12.883">
    </testcase>
  </testsuite>
</testsuites>