<?xml version="1.0" encoding="UTF-8"?>
<testsuites name="jest tests" tests="1" failures="0" errors="0" time="2.172">
  <testsuite name="undefined" errors="0" failures="0" skipped="0" timestamp="2023-11-21T15:52:37" time="1.399" tests="1">
    <testcase classname=" Binary search implementation" name=" Binary search implementation" time="0.006">
    </testcase>
  </testsuite>
</testsuites>