<?xml version="1.0" encoding="UTF-8"?>
<testsuites name="jest tests" tests="1" failures="0" errors="0" time="0.541">
  <testsuite name="undefined" errors="0" failures="0" skipped="0" timestamp="2023-11-04T20:20:52" time="0.507" tests="1">
    <testcase classname=" Binary search implementation" name=" Binary search implementation" time="0.003">
    </testcase>
  </testsuite>
</testsuites>